0 info it worked if it ends with ok
1 verbose cli [ '/Users/yyl/.nvm/versions/node/v6.9.1/bin/node',
1 verbose cli   '/Users/yyl/.nvm/versions/node/v6.9.1/bin/npm',
1 verbose cli   'version',
1 verbose cli   '1.0.0' ]
2 info using npm@3.10.8
3 info using node@v6.9.1
4 verbose stack Error: Version not changed
4 verbose stack     at persistVersion (/Users/yyl/.nvm/versions/node/v6.9.1/lib/node_modules/npm/lib/version.js:92:47)
4 verbose stack     at /Users/yyl/.nvm/versions/node/v6.9.1/lib/node_modules/npm/lib/version.js:47:7
4 verbose stack     at /Users/yyl/.nvm/versions/node/v6.9.1/lib/node_modules/npm/lib/version.js:119:5
4 verbose stack     at /Users/yyl/.nvm/versions/node/v6.9.1/lib/node_modules/npm/node_modules/graceful-fs/graceful-fs.js:78:16
4 verbose stack     at FSReqWrap.readFileAfterClose [as oncomplete] (fs.js:445:3)
5 verbose cwd /Users/yyl/meituan/work/yyl/github/vue-viewer
6 error Darwin 15.6.0
7 error argv "/Users/yyl/.nvm/versions/node/v6.9.1/bin/node" "/Users/yyl/.nvm/versions/node/v6.9.1/bin/npm" "version" "1.0.0"
8 error node v6.9.1
9 error npm  v3.10.8
10 error Version not changed
11 error If you need help, you may report this error at:
11 error     <https://github.com/npm/npm/issues>
12 verbose exit [ 1, true ]
